android/build/outputs/logs/manifest-merger-debug-report.txt
-- Merging decision tree log ---
manifest
ADDED from run-game\android\AndroidManifest.xml:2:1-51:12
	package
		ADDED from run-game\android\AndroidManifest.xml:3:5-46
		INJECTED from run-game\android\AndroidManifest.xml
		INJECTED from run-game\android\AndroidManifest.xml
	android:versionName
		ADDED from run-game\android\AndroidManifest.xml:5:5-30
		INJECTED from run-game\android\AndroidManifest.xml
		INJECTED from run-game\android\AndroidManifest.xml
	android:versionCode
		ADDED from run-game\android\AndroidManifest.xml:4:5-28
		INJECTED from run-game\android\AndroidManifest.xml
		INJECTED from run-game\android\AndroidManifest.xml
	xmlns:android
		ADDED from run-game\android\AndroidManifest.xml:2:11-69
uses-sdk
ADDED from run-game\android\AndroidManifest.xml:7:5-9:41
MERGED from [com.android.support:design:25.3.1] AndroidManifest.xml:21:5-23:62
MERGED from [com.android.support:appcompat-v7:25.3.1] AndroidManifest.xml:21:5-23:78
MERGED from [com.android.support:animated-vector-drawable:25.3.1] AndroidManifest.xml:20:5-44
MERGED from [com.android.support:support-vector-drawable:25.3.1] AndroidManifest.xml:20:5-43
MERGED from [com.android.support:recyclerview-v7:25.3.1] AndroidManifest.xml:20:5-43
MERGED from [com.android.support:transition:25.3.1] AndroidManifest.xml:20:5-44
MERGED from [com.android.support:support-v4:25.3.1] AndroidManifest.xml:21:5-23:54
MERGED from [com.android.support:support-fragment:25.3.1] AndroidManifest.xml:21:5-23:60
MERGED from [com.android.support:support-media-compat:25.3.1] AndroidManifest.xml:21:5-23:63
MERGED from [com.android.support:support-core-ui:25.3.1] AndroidManifest.xml:21:5-23:58
MERGED from [com.android.support:support-core-utils:25.3.1] AndroidManifest.xml:21:5-23:61
MERGED from [com.android.support.constraint:constraint-layout:1.0.2] AndroidManifest.xml:5:5-7:41
MERGED from [com.jakewharton:butterknife:8.6.0] AndroidManifest.xml:5:5-43
MERGED from [com.android.support:support-compat:25.3.1] AndroidManifest.xml:21:5-23:58
MERGED from [com.koushikdutta.ion:ion:2.1.9] AndroidManifest.xml:7:5-9:41
MERGED from [com.koushikdutta.async:androidasync:2.1.9] AndroidManifest.xml:7:5-9:41
	tools:overrideLibrary
		ADDED from [com.android.support:design:25.3.1] AndroidManifest.xml:23:9-59
	android:targetSdkVersion
		ADDED from run-game\android\AndroidManifest.xml:9:9-38
		INJECTED from run-game\android\AndroidManifest.xml
		INJECTED from run-game\android\AndroidManifest.xml
	android:minSdkVersion
		ADDED from run-game\android\AndroidManifest.xml:8:9-34
		INJECTED from run-game\android\AndroidManifest.xml
		INJECTED from run-game\android\AndroidManifest.xml
uses-permission#android.permission.WRITE_EXTERNAL_STORAGE
ADDED from run-game\android\AndroidManifest.xml:11:5-81
	android:name
		ADDED from run-game\android\AndroidManifest.xml:11:22-78
uses-permission#android.permission.READ_PHONE_STATE
ADDED from run-game\android\AndroidManifest.xml:12:5-75
	android:name
		ADDED from run-game\android\AndroidManifest.xml:12:22-72
uses-permission#android.permission.READ_EXTERNAL_STORAGE
ADDED from run-game\android\AndroidManifest.xml:13:5-80
	android:name
		ADDED from run-game\android\AndroidManifest.xml:13:22-77
application
ADDED from run-game\android\AndroidManifest.xml:15:5-49:19
MERGED from [com.android.support:design:25.3.1] AndroidManifest.xml:29:5-20
MERGED from [com.android.support:appcompat-v7:25.3.1] AndroidManifest.xml:29:5-20
MERGED from [com.android.support:animated-vector-drawable:25.3.1] AndroidManifest.xml:26:5-20
MERGED from [com.android.support:support-vector-drawable:25.3.1] AndroidManifest.xml:26:5-20
MERGED from [com.android.support:transition:25.3.1] AndroidManifest.xml:26:5-20
MERGED from [com.android.support:support-v4:25.3.1] AndroidManifest.xml:29:5-20
MERGED from [com.android.support:support-fragment:25.3.1] AndroidManifest.xml:29:5-20
MERGED from [com.android.support:support-media-compat:25.3.1] AndroidManifest.xml:29:5-20
MERGED from [com.android.support:support-core-ui:25.3.1] AndroidManifest.xml:29:5-20
MERGED from [com.android.support:support-core-utils:25.3.1] AndroidManifest.xml:29:5-20
MERGED from [com.android.support.constraint:constraint-layout:1.0.2] AndroidManifest.xml:9:5-20
MERGED from [com.android.support:support-compat:25.3.1] AndroidManifest.xml:29:5-20
MERGED from [com.koushikdutta.ion:ion:2.1.9] AndroidManifest.xml:13:5-14:19
MERGED from [com.koushikdutta.async:androidasync:2.1.9] AndroidManifest.xml:13:5-14:19
	android:label
		ADDED from run-game\android\AndroidManifest.xml:19:9-41
	android:allowBackup
		ADDED from run-game\android\AndroidManifest.xml:17:9-35
	android:icon
		ADDED from run-game\android\AndroidManifest.xml:18:9-45
	android:theme
		ADDED from run-game\android\AndroidManifest.xml:20:9-40
	android:name
		ADDED from run-game\android\AndroidManifest.xml:16:9-28
activity#adneom.moutons_electriques.game.AndroidLauncher
ADDED from run-game\android\AndroidManifest.xml:21:9-25:53
	android:screenOrientation
		ADDED from run-game\android\AndroidManifest.xml:25:13-50
	android:label
		ADDED from run-game\android\AndroidManifest.xml:24:13-45
	android:configChanges
		ADDED from run-game\android\AndroidManifest.xml:23:13-83
	android:name
		ADDED from run-game\android\AndroidManifest.xml:22:13-44
activity#adneom.moutons_electriques.game.MainActivity
ADDED from run-game\android\AndroidManifest.xml:26:9-36:20
	android:screenOrientation
		ADDED from run-game\android\AndroidManifest.xml:30:13-49
	android:configChanges
		ADDED from run-game\android\AndroidManifest.xml:29:13-63
	android:theme
		ADDED from run-game\android\AndroidManifest.xml:28:13-44
	android:name
		ADDED from run-game\android\AndroidManifest.xml:27:13-41
intent-filter#android.intent.action.MAIN+android.intent.category.LAUNCHER
ADDED from run-game\android\AndroidManifest.xml:31:13-35:29
action#android.intent.action.MAIN
ADDED from run-game\android\AndroidManifest.xml:32:17-69
	android:name
		ADDED from run-game\android\AndroidManifest.xml:32:25-66
category#android.intent.category.LAUNCHER
ADDED from run-game\android\AndroidManifest.xml:34:17-77
	android:name
		ADDED from run-game\android\AndroidManifest.xml:34:27-74
activity#adneom.moutons_electriques.game.PhotoActivity
ADDED from run-game\android\AndroidManifest.xml:37:9-42:52
	android:screenOrientation
		ADDED from run-game\android\AndroidManifest.xml:42:13-49
	android:label
		ADDED from run-game\android\AndroidManifest.xml:40:13-39
	android:configChanges
		ADDED from run-game\android\AndroidManifest.xml:39:13-63
	android:theme
		ADDED from run-game\android\AndroidManifest.xml:41:13-44
	android:name
		ADDED from run-game\android\AndroidManifest.xml:38:13-42
activity#adneom.moutons_electriques.game.ScoreActivity
ADDED from run-game\android\AndroidManifest.xml:43:9-48:52
	android:screenOrientation
		ADDED from run-game\android\AndroidManifest.xml:48:13-49
	android:label
		ADDED from run-game\android\AndroidManifest.xml:46:13-39
	android:configChanges
		ADDED from run-game\android\AndroidManifest.xml:45:13-63
	android:theme
		ADDED from run-game\android\AndroidManifest.xml:47:13-44
	android:name
		ADDED from run-game\android\AndroidManifest.xml:44:13-42
meta-data#android.support.VERSION
ADDED from [com.android.support:design:25.3.1] AndroidManifest.xml:25:5-27:34
MERGED from [com.android.support:appcompat-v7:25.3.1] AndroidManifest.xml:25:5-27:34
MERGED from [com.android.support:animated-vector-drawable:25.3.1] AndroidManifest.xml:22:5-24:34
MERGED from [com.android.support:support-vector-drawable:25.3.1] AndroidManifest.xml:22:5-24:34
MERGED from [com.android.support:recyclerview-v7:25.3.1] AndroidManifest.xml:22:5-24:34
MERGED from [com.android.support:transition:25.3.1] AndroidManifest.xml:22:5-24:34
MERGED from [com.android.support:support-v4:25.3.1] AndroidManifest.xml:25:5-27:34
MERGED from [com.android.support:support-fragment:25.3.1] AndroidManifest.xml:25:5-27:34
MERGED from [com.android.support:support-media-compat:25.3.1] AndroidManifest.xml:25:5-27:34
MERGED from [com.android.support:support-core-ui:25.3.1] AndroidManifest.xml:25:5-27:34
MERGED from [com.android.support:support-core-utils:25.3.1] AndroidManifest.xml:25:5-27:34
MERGED from [com.android.support:support-compat:25.3.1] AndroidManifest.xml:25:5-27:34
	android:value
		ADDED from [com.android.support:design:25.3.1] AndroidManifest.xml:27:9-31
	android:name
		ADDED from [com.android.support:design:25.3.1] AndroidManifest.xml:26:9-47
uses-permission#android.permission.INTERNET
ADDED from [com.koushikdutta.ion:ion:2.1.9] AndroidManifest.xml:11:5-67
MERGED from [com.koushikdutta.async:androidasync:2.1.9] AndroidManifest.xml:11:5-67
	android:name
		ADDED from [com.koushikdutta.ion:ion:2.1.9] AndroidManifest.xml:11:22-64